[debug] [2021-11-10T07:18:17.177Z] ----------------------------------------------------------------------
[debug] [2021-11-10T07:18:17.179Z] Command:       /usr/local/bin/node /Users/musekar/Documents/JS/tndfctrust-api/node_modules/.bin/firebase emulators:start
[debug] [2021-11-10T07:18:17.179Z] CLI Version:   9.20.0
[debug] [2021-11-10T07:18:17.179Z] Platform:      darwin
[debug] [2021-11-10T07:18:17.179Z] Node Version:  v14.17.0
[debug] [2021-11-10T07:18:17.181Z] Time:          Wed Nov 10 2021 12:48:17 GMT+0530 (India Standard Time)
[debug] [2021-11-10T07:18:17.181Z] ----------------------------------------------------------------------
[debug] 
[debug] [2021-11-10T07:18:17.185Z] >>> [apiv2][query] GET https://firebase-public.firebaseio.com/cli.json [none]
[debug] [2021-11-10T07:18:17.256Z] > command requires scopes: ["email","openid","https://www.googleapis.com/auth/cloudplatformprojects.readonly","https://www.googleapis.com/auth/firebase","https://www.googleapis.com/auth/cloud-platform"]
[debug] Failed to authenticate, have you run firebase login?
[warn] ⚠  emulators: You are not currently authenticated so some features may not work correctly. Please run firebase login to authenticate the CLI. 
[info] i  emulators: Starting emulators: auth, firestore, database, pubsub, storage {"metadata":{"emulator":{"name":"hub"},"message":"Starting emulators: auth, firestore, database, pubsub, storage"}}
[debug] [2021-11-10T07:18:17.509Z] [hub] writing locator at /var/folders/c7/jwm2nl6n7gggz7n9rnxd1dqc0000gp/T/hub-tndfc-app.json
[debug] [2021-11-10T07:18:17.522Z] Ignoring unsupported arg: projectId {"metadata":{"emulator":{"name":"firestore"},"message":"Ignoring unsupported arg: projectId"}}
[debug] [2021-11-10T07:18:17.522Z] Ignoring unsupported arg: auto_download {"metadata":{"emulator":{"name":"firestore"},"message":"Ignoring unsupported arg: auto_download"}}
[debug] [2021-11-10T07:18:17.522Z] Starting Firestore Emulator with command {"binary":"java","args":["-Dgoogle.cloud_firestore.debug_log_level=FINE","-Duser.language=en","-jar","/Users/musekar/.cache/firebase/emulators/cloud-firestore-emulator-v1.13.1.jar","--host","localhost","--port",33009,"--rules","/Users/musekar/Documents/JS/tndfctrust-api/.firebase_configs/firestore.rules"],"optionalArgs":["port","webchannel_port","host","rules","functions_emulator","seed_from_export"],"joinArgs":false} {"metadata":{"emulator":{"name":"firestore"},"message":"Starting Firestore Emulator with command {\"binary\":\"java\",\"args\":[\"-Dgoogle.cloud_firestore.debug_log_level=FINE\",\"-Duser.language=en\",\"-jar\",\"/Users/musekar/.cache/firebase/emulators/cloud-firestore-emulator-v1.13.1.jar\",\"--host\",\"localhost\",\"--port\",33009,\"--rules\",\"/Users/musekar/Documents/JS/tndfctrust-api/.firebase_configs/firestore.rules\"],\"optionalArgs\":[\"port\",\"webchannel_port\",\"host\",\"rules\",\"functions_emulator\",\"seed_from_export\"],\"joinArgs\":false}"}}
[info] i  firestore: Firestore Emulator logging to firestore-debug.log {"metadata":{"emulator":{"name":"firestore"},"message":"Firestore Emulator logging to \u001b[1mfirestore-debug.log\u001b[22m"}}
[debug] [2021-11-10T07:18:18.258Z] <<< [apiv2][status] GET https://firebase-public.firebaseio.com/cli.json 200
[debug] [2021-11-10T07:18:18.258Z] <<< [apiv2][body] GET https://firebase-public.firebaseio.com/cli.json {"cloudBuildErrorAfter":1594252800000,"cloudBuildWarnAfter":1590019200000,"defaultNode10After":1594252800000,"minVersion":"3.0.5","node8DeploysDisabledAfter":1613390400000,"node8RuntimeDisabledAfter":1615809600000,"node8WarnAfter":1600128000000}
[debug] [2021-11-10T07:18:21.254Z] Nov 10, 2021 12:48:21 PM com.google.cloud.datastore.emulator.firestore.websocket.WebSocketServer start
INFO: Started WebSocket server on ws://localhost:59025
 {"metadata":{"emulator":{"name":"firestore"},"message":"Nov 10, 2021 12:48:21 PM com.google.cloud.datastore.emulator.firestore.websocket.WebSocketServer start\nINFO: Started WebSocket server on ws://localhost:59025\n"}}
[debug] [2021-11-10T07:18:21.283Z] API endpoint: http://localhost {"metadata":{"emulator":{"name":"firestore"},"message":"API endpoint: http://localhost"}}
[debug] [2021-11-10T07:18:21.284Z] :33009
If you are using a library that supports the FIRESTORE_EMULATOR_HOST environment variable, run:

   export FIRESTORE_EMULATOR_HOST=localhost:33009

Dev App Server is now running.

 {"metadata":{"emulator":{"name":"firestore"},"message":":33009\nIf you are using a library that supports the FIRESTORE_EMULATOR_HOST environment variable, run:\n\n   export FIRESTORE_EMULATOR_HOST=localhost:33009\n\nDev App Server is now running.\n\n"}}
[debug] [2021-11-10T07:18:21.469Z] > refreshing access token with scopes: []
[debug] [2021-11-10T07:18:21.470Z] >>> HTTP REQUEST POST https://www.googleapis.com/oauth2/v3/token  
 <request body omitted>
[debug] [2021-11-10T07:18:22.582Z] <<< HTTP RESPONSE 400 {"pragma":"no-cache","cache-control":"no-cache, no-store, max-age=0, must-revalidate","expires":"Mon, 01 Jan 1990 00:00:00 GMT","date":"Wed, 10 Nov 2021 07:18:22 GMT","content-type":"application/json; charset=utf-8","vary":"X-Origin, Referer, Origin,Accept-Encoding","server":"scaffolding on HTTPServer2","x-xss-protection":"0","x-frame-options":"SAMEORIGIN","x-content-type-options":"nosniff","alt-svc":"h3=\":443\"; ma=2592000,h3-29=\":443\"; ma=2592000,h3-Q050=\":443\"; ma=2592000,h3-Q046=\":443\"; ma=2592000,h3-Q043=\":443\"; ma=2592000,quic=\":443\"; ma=2592000; v=\"46,43\"","accept-ranges":"none","transfer-encoding":"chunked"}
[debug] [2021-11-10T07:18:22.583Z] >>> [apiv2][query] GET https://firebase.googleapis.com/v1beta1/projects/tndfc-app [none]
[debug] [2021-11-10T07:18:23.743Z] <<< [apiv2][status] GET https://firebase.googleapis.com/v1beta1/projects/tndfc-app 401
[debug] [2021-11-10T07:18:23.743Z] <<< [apiv2][body] GET https://firebase.googleapis.com/v1beta1/projects/tndfc-app {"error":{"code":401,"message":"Request is missing required authentication credential. Expected OAuth 2 access token, login cookie or other valid authentication credential. See https://developers.google.com/identity/sign-in/web/devconsole-project.","status":"UNAUTHENTICATED","details":[{"@type":"type.googleapis.com/google.rpc.ErrorInfo","reason":"CREDENTIALS_MISSING","domain":"googleapis.com","metadata":{"service":"firebase.googleapis.com","method":"google.firebase.service.v1beta1.FirebaseProjectService.GetFirebaseProject"}}]}}
[debug] [2021-11-10T07:18:23.744Z] HTTP Error: 401, Request is missing required authentication credential. Expected OAuth 2 access token, login cookie or other valid authentication credential. See https://developers.google.com/identity/sign-in/web/devconsole-project.
[debug] [2021-11-10T07:18:23.744Z] Failed to retrieve default database instance: {"name":"FirebaseError","children":[],"exit":2,"message":"Failed to get Firebase project tndfc-app. Please make sure the project exists and your account has permission to access it.","original":{"name":"FirebaseError","children":[],"context":{"body":{"error":{"code":401,"message":"Request is missing required authentication credential. Expected OAuth 2 access token, login cookie or other valid authentication credential. See https://developers.google.com/identity/sign-in/web/devconsole-project.","status":"UNAUTHENTICATED","details":[{"@type":"type.googleapis.com/google.rpc.ErrorInfo","reason":"CREDENTIALS_MISSING","domain":"googleapis.com","metadata":{"service":"firebase.googleapis.com","method":"google.firebase.service.v1beta1.FirebaseProjectService.GetFirebaseProject"}}]}},"response":{"statusCode":401}},"exit":1,"message":"HTTP Error: 401, Request is missing required authentication credential. Expected OAuth 2 access token, login cookie or other valid authentication credential. See https://developers.google.com/identity/sign-in/web/devconsole-project.","status":401},"status":500} {"metadata":{"emulator":{"name":"database"},"message":"Failed to retrieve default database instance: {\"name\":\"FirebaseError\",\"children\":[],\"exit\":2,\"message\":\"Failed to get Firebase project tndfc-app. Please make sure the project exists and your account has permission to access it.\",\"original\":{\"name\":\"FirebaseError\",\"children\":[],\"context\":{\"body\":{\"error\":{\"code\":401,\"message\":\"Request is missing required authentication credential. Expected OAuth 2 access token, login cookie or other valid authentication credential. See https://developers.google.com/identity/sign-in/web/devconsole-project.\",\"status\":\"UNAUTHENTICATED\",\"details\":[{\"@type\":\"type.googleapis.com/google.rpc.ErrorInfo\",\"reason\":\"CREDENTIALS_MISSING\",\"domain\":\"googleapis.com\",\"metadata\":{\"service\":\"firebase.googleapis.com\",\"method\":\"google.firebase.service.v1beta1.FirebaseProjectService.GetFirebaseProject\"}}]}},\"response\":{\"statusCode\":401}},\"exit\":1,\"message\":\"HTTP Error: 401, Request is missing required authentication credential. Expected OAuth 2 access token, login cookie or other valid authentication credential. See https://developers.google.com/identity/sign-in/web/devconsole-project.\",\"status\":401},\"status\":500}"}}
[debug] [2021-11-10T07:18:23.745Z] database rules config:  [{"instance":"tndfc-app-default-rtdb","rules":"/Users/musekar/Documents/JS/tndfctrust-api/.firebase_configs/database.rules.json"}]
[debug] [2021-11-10T07:18:23.749Z] Ignoring unsupported arg: projectId {"metadata":{"emulator":{"name":"database"},"message":"Ignoring unsupported arg: projectId"}}
[debug] [2021-11-10T07:18:23.749Z] Ignoring unsupported arg: auto_download {"metadata":{"emulator":{"name":"database"},"message":"Ignoring unsupported arg: auto_download"}}
[debug] [2021-11-10T07:18:23.749Z] Ignoring unsupported arg: rules {"metadata":{"emulator":{"name":"database"},"message":"Ignoring unsupported arg: rules"}}
[debug] [2021-11-10T07:18:23.749Z] Starting Database Emulator with command {"binary":"java","args":["-Duser.language=en","-jar","/Users/musekar/.cache/firebase/emulators/firebase-database-emulator-v4.7.2.jar","--host","localhost","--port",33008],"optionalArgs":["port","host","functions_emulator_port","functions_emulator_host"],"joinArgs":false} {"metadata":{"emulator":{"name":"database"},"message":"Starting Database Emulator with command {\"binary\":\"java\",\"args\":[\"-Duser.language=en\",\"-jar\",\"/Users/musekar/.cache/firebase/emulators/firebase-database-emulator-v4.7.2.jar\",\"--host\",\"localhost\",\"--port\",33008],\"optionalArgs\":[\"port\",\"host\",\"functions_emulator_port\",\"functions_emulator_host\"],\"joinArgs\":false}"}}
[info] i  database: Database Emulator logging to database-debug.log {"metadata":{"emulator":{"name":"database"},"message":"Database Emulator logging to \u001b[1mdatabase-debug.log\u001b[22m"}}
[debug] [2021-11-10T07:18:24.405Z] WARNING: An illegal reflective access operation has occurred
WARNING: Illegal reflective access by io.netty.util.internal.ReflectionUtil (file:/Users/musekar/.cache/firebase/emulators/firebase-database-emulator-v4.7.2.jar) to field sun.nio.ch.SelectorImpl.selectedKeys
WARNING: Please consider reporting this to the maintainers of io.netty.util.internal.ReflectionUtil
WARNING: Use --illegal-access=warn to enable warnings of further illegal reflective access operations
WARNING: All illegal access operations will be denied in a future release
 {"metadata":{"emulator":{"name":"database"},"message":"WARNING: An illegal reflective access operation has occurred\nWARNING: Illegal reflective access by io.netty.util.internal.ReflectionUtil (file:/Users/musekar/.cache/firebase/emulators/firebase-database-emulator-v4.7.2.jar) to field sun.nio.ch.SelectorImpl.selectedKeys\nWARNING: Please consider reporting this to the maintainers of io.netty.util.internal.ReflectionUtil\nWARNING: Use --illegal-access=warn to enable warnings of further illegal reflective access operations\nWARNING: All illegal access operations will be denied in a future release\n"}}
[debug] [2021-11-10T07:18:25.184Z] 12:48:25.183 [NamespaceSystem-akka.actor.default-dispatcher-4] INFO akka.event.slf4j.Slf4jLogger - Slf4jLogger started
 {"metadata":{"emulator":{"name":"database"},"message":"12:48:25.183 [NamespaceSystem-akka.actor.default-dispatcher-4] INFO akka.event.slf4j.Slf4jLogger - Slf4jLogger started\n"}}
[debug] [2021-11-10T07:18:25.368Z] 12:48:25.367 [main] INFO com.firebase.server.forge.App$ - Listening at localhost:33008
 {"metadata":{"emulator":{"name":"database"},"message":"12:48:25.367 [main] INFO com.firebase.server.forge.App$ - Listening at localhost:33008\n"}}
[debug] [2021-11-10T07:18:28.432Z] Ignoring unsupported arg: projectId {"metadata":{"emulator":{"name":"pubsub"},"message":"Ignoring unsupported arg: projectId"}}
[debug] [2021-11-10T07:18:28.432Z] Ignoring unsupported arg: auto_download {"metadata":{"emulator":{"name":"pubsub"},"message":"Ignoring unsupported arg: auto_download"}}
[debug] [2021-11-10T07:18:28.432Z] Starting Pub/Sub Emulator with command {"binary":"/Users/musekar/.cache/firebase/emulators/pubsub-emulator-0.1.0/pubsub-emulator/bin/cloud-pubsub-emulator","args":["--host=localhost","--port=33010"],"optionalArgs":["port","host"],"joinArgs":true} {"metadata":{"emulator":{"name":"pubsub"},"message":"Starting Pub/Sub Emulator with command {\"binary\":\"/Users/musekar/.cache/firebase/emulators/pubsub-emulator-0.1.0/pubsub-emulator/bin/cloud-pubsub-emulator\",\"args\":[\"--host=localhost\",\"--port=33010\"],\"optionalArgs\":[\"port\",\"host\"],\"joinArgs\":true}"}}
[info] i  pubsub: Pub/Sub Emulator logging to pubsub-debug.log {"metadata":{"emulator":{"name":"pubsub"},"message":"Pub/Sub Emulator logging to \u001b[1mpubsub-debug.log\u001b[22m"}}
[debug] [2021-11-10T07:18:28.617Z] This is the Google Pub/Sub fake.
 {"metadata":{"emulator":{"name":"pubsub"},"message":"This is the Google Pub/Sub fake.\n"}}
[debug] [2021-11-10T07:18:28.617Z] Implementation may be incomplete or differ from the real system.
 {"metadata":{"emulator":{"name":"pubsub"},"message":"Implementation may be incomplete or differ from the real system.\n"}}
[debug] [2021-11-10T07:18:28.661Z] Nov 10, 2021 12:48:28 PM com.google.cloud.pubsub.testing.v1.Main main
INFO: IAM integration is disabled. IAM policy methods and ACL checks are not supported
 {"metadata":{"emulator":{"name":"pubsub"},"message":"Nov 10, 2021 12:48:28 PM com.google.cloud.pubsub.testing.v1.Main main\nINFO: IAM integration is disabled. IAM policy methods and ACL checks are not supported\n"}}
[debug] [2021-11-10T07:18:29.125Z] Nov 10, 2021 12:48:29 PM io.gapi.emulators.netty.NettyUtil applyJava7LongHostnameWorkaround
INFO: Unable to apply Java 7 long hostname workaround.
 {"metadata":{"emulator":{"name":"pubsub"},"message":"Nov 10, 2021 12:48:29 PM io.gapi.emulators.netty.NettyUtil applyJava7LongHostnameWorkaround\nINFO: Unable to apply Java 7 long hostname workaround.\n"}}
[debug] [2021-11-10T07:18:29.486Z] Nov 10, 2021 12:48:29 PM com.google.cloud.pubsub.testing.v1.Main main
INFO: Server started, listening on 33010
 {"metadata":{"emulator":{"name":"pubsub"},"message":"Nov 10, 2021 12:48:29 PM com.google.cloud.pubsub.testing.v1.Main main\nINFO: Server started, listening on 33010\n"}}
[debug] [2021-11-10T07:18:29.733Z] Ignoring unsupported arg: port {"metadata":{"emulator":{"name":"storage"},"message":"Ignoring unsupported arg: port"}}
[debug] [2021-11-10T07:18:29.819Z] Nov 10, 2021 12:48:29 PM io.gapi.emulators.grpc.GrpcServer$3 operationComplete
INFO: Adding handler(s) to newly registered Channel.
 {"metadata":{"emulator":{"name":"pubsub"},"message":"Nov 10, 2021 12:48:29 PM io.gapi.emulators.grpc.GrpcServer$3 operationComplete\nINFO: Adding handler(s) to newly registered Channel.\n"}}
[debug] [2021-11-10T07:18:29.979Z] Temp file directory for storage emulator: /var/folders/c7/jwm2nl6n7gggz7n9rnxd1dqc0000gp/T/firebase/storage/blobs {"metadata":{"emulator":{"name":"storage"},"message":"Temp file directory for storage emulator: /var/folders/c7/jwm2nl6n7gggz7n9rnxd1dqc0000gp/T/firebase/storage/blobs"}}
[debug] [2021-11-10T07:18:31.200Z] Ignoring unsupported arg: auto_download {"metadata":{"emulator":{"name":"ui"},"message":"Ignoring unsupported arg: auto_download"}}
[debug] [2021-11-10T07:18:31.201Z] Ignoring unsupported arg: port {"metadata":{"emulator":{"name":"ui"},"message":"Ignoring unsupported arg: port"}}
[debug] [2021-11-10T07:18:31.201Z] Starting Emulator UI with command {"binary":"node","args":["/Users/musekar/.cache/firebase/emulators/ui-v1.6.3/server.bundle.js"],"optionalArgs":[],"joinArgs":false} {"metadata":{"emulator":{"name":"ui"},"message":"Starting Emulator UI with command {\"binary\":\"node\",\"args\":[\"/Users/musekar/.cache/firebase/emulators/ui-v1.6.3/server.bundle.js\"],\"optionalArgs\":[],\"joinArgs\":false}"}}
[info] i  ui: Emulator UI logging to ui-debug.log {"metadata":{"emulator":{"name":"ui"},"message":"Emulator UI logging to \u001b[1mui-debug.log\u001b[22m"}}
[debug] [2021-11-10T07:18:31.322Z] Web / API server started at localhost:33012
 {"metadata":{"emulator":{"name":"ui"},"message":"Web / API server started at localhost:33012\n"}}
[debug] [2021-11-10T07:18:31.475Z] >>> HTTP REQUEST PUT http://localhost:33008/.settings/rules.json?ns=tndfc-app-default-rtdb  
 {
    "rules": {
      ".read": false,
      ".write": false
    }
  }
  
[debug] [2021-11-10T07:18:31.884Z] <<< HTTP RESPONSE 200 {"content-length":"15","content-type":"application/json; charset=utf-8","access-control-allow-origin":"*","cache-control":"no-cache","x-firebase-project-id":"tndfc-app-default-rtdb","x-firebase-project-number":"123456789","x-firebase-uuid":"d3e3df30-14b5-4804-bf1c-de25f4a80c5a"}
[info] 
┌─────────────────────────────────────────────────────────────┐
│ ✔  All emulators ready! It is now safe to connect your app. │
│ i  View Emulator UI at http://localhost:33012               │
└─────────────────────────────────────────────────────────────┘

┌────────────────┬─────────────────┬──────────────────────────────────┐
│ Emulator       │ Host:Port       │ View in Emulator UI              │
├────────────────┼─────────────────┼──────────────────────────────────┤
│ Authentication │ localhost:33007 │ http://localhost:33012/auth      │
├────────────────┼─────────────────┼──────────────────────────────────┤
│ Firestore      │ localhost:33009 │ http://localhost:33012/firestore │
├────────────────┼─────────────────┼──────────────────────────────────┤
│ Database       │ localhost:33008 │ http://localhost:33012/database  │
├────────────────┼─────────────────┼──────────────────────────────────┤
│ Pub/Sub        │ localhost:33010 │ n/a                              │
├────────────────┼─────────────────┼──────────────────────────────────┤
│ Storage        │ localhost:33011 │ http://localhost:33012/storage   │
└────────────────┴─────────────────┴──────────────────────────────────┘
  Emulator Hub running at localhost:4400
  Other reserved ports: 4500

Issues? Report them at https://github.com/firebase/firebase-tools/issues and attach the *-debug.log files.
 
[debug] [2021-11-10T07:18:54.782Z] Nov 10, 2021 12:48:54 PM io.gapi.emulators.netty.HttpVersionRoutingHandler channelRead
INFO: Detected non-HTTP/2 connection.
 {"metadata":{"emulator":{"name":"firestore"},"message":"Nov 10, 2021 12:48:54 PM io.gapi.emulators.netty.HttpVersionRoutingHandler channelRead\nINFO: Detected non-HTTP/2 connection.\n"}}
[debug] [2021-11-10T07:18:54.890Z] Nov 10, 2021 12:48:54 PM com.google.cloud.datastore.emulator.firestore.websocket.WebSocketChannelHandler initChannel
INFO: Connected to new websocket client
 {"metadata":{"emulator":{"name":"firestore"},"message":"Nov 10, 2021 12:48:54 PM com.google.cloud.datastore.emulator.firestore.websocket.WebSocketChannelHandler initChannel\nINFO: Connected to new websocket client\n"}}
[debug] [2021-11-10T07:18:58.780Z] Nov 10, 2021 12:48:58 PM io.gapi.emulators.netty.HttpVersionRoutingHandler channelRead
INFO: Detected non-HTTP/2 connection.
 {"metadata":{"emulator":{"name":"firestore"},"message":"Nov 10, 2021 12:48:58 PM io.gapi.emulators.netty.HttpVersionRoutingHandler channelRead\nINFO: Detected non-HTTP/2 connection.\n"}}
[debug] [2021-11-10T07:19:00.805Z] Nov 10, 2021 12:49:00 PM io.gapi.emulators.netty.HttpVersionRoutingHandler channelRead
INFO: Detected non-HTTP/2 connection.
 {"metadata":{"emulator":{"name":"firestore"},"message":"Nov 10, 2021 12:49:00 PM io.gapi.emulators.netty.HttpVersionRoutingHandler channelRead\nINFO: Detected non-HTTP/2 connection.\n"}}
[debug] [2021-11-10T07:19:02.844Z] Nov 10, 2021 12:49:02 PM io.gapi.emulators.netty.HttpVersionRoutingHandler channelRead
INFO: Detected non-HTTP/2 connection.
 {"metadata":{"emulator":{"name":"firestore"},"message":"Nov 10, 2021 12:49:02 PM io.gapi.emulators.netty.HttpVersionRoutingHandler channelRead\nINFO: Detected non-HTTP/2 connection.\n"}}
[debug] [2021-11-10T07:19:04.869Z] Nov 10, 2021 12:49:04 PM io.gapi.emulators.netty.HttpVersionRoutingHandler channelRead
INFO: Detected non-HTTP/2 connection.
 {"metadata":{"emulator":{"name":"firestore"},"message":"Nov 10, 2021 12:49:04 PM io.gapi.emulators.netty.HttpVersionRoutingHandler channelRead\nINFO: Detected non-HTTP/2 connection.\n"}}
[debug] [2021-11-10T07:19:06.899Z] Nov 10, 2021 12:49:06 PM io.gapi.emulators.netty.HttpVersionRoutingHandler channelRead
INFO: Detected non-HTTP/2 connection.
 {"metadata":{"emulator":{"name":"firestore"},"message":"Nov 10, 2021 12:49:06 PM io.gapi.emulators.netty.HttpVersionRoutingHandler channelRead\nINFO: Detected non-HTTP/2 connection.\n"}}
[debug] [2021-11-10T07:19:08.939Z] Nov 10, 2021 12:49:08 PM io.gapi.emulators.netty.HttpVersionRoutingHandler channelRead
INFO: Detected non-HTTP/2 connection.
 {"metadata":{"emulator":{"name":"firestore"},"message":"Nov 10, 2021 12:49:08 PM io.gapi.emulators.netty.HttpVersionRoutingHandler channelRead\nINFO: Detected non-HTTP/2 connection.\n"}}
[debug] [2021-11-10T07:19:10.976Z] Nov 10, 2021 12:49:10 PM io.gapi.emulators.netty.HttpVersionRoutingHandler channelRead
INFO: Detected non-HTTP/2 connection.
 {"metadata":{"emulator":{"name":"firestore"},"message":"Nov 10, 2021 12:49:10 PM io.gapi.emulators.netty.HttpVersionRoutingHandler channelRead\nINFO: Detected non-HTTP/2 connection.\n"}}
[debug] [2021-11-10T07:19:13.003Z] Nov 10, 2021 12:49:13 PM io.gapi.emulators.netty.HttpVersionRoutingHandler channelRead
INFO: Detected non-HTTP/2 connection.
 {"metadata":{"emulator":{"name":"firestore"},"message":"Nov 10, 2021 12:49:13 PM io.gapi.emulators.netty.HttpVersionRoutingHandler channelRead\nINFO: Detected non-HTTP/2 connection.\n"}}
[debug] [2021-11-10T07:19:15.027Z] Nov 10, 2021 12:49:15 PM io.gapi.emulators.netty.HttpVersionRoutingHandler channelRead
INFO: Detected non-HTTP/2 connection.
 {"metadata":{"emulator":{"name":"firestore"},"message":"Nov 10, 2021 12:49:15 PM io.gapi.emulators.netty.HttpVersionRoutingHandler channelRead\nINFO: Detected non-HTTP/2 connection.\n"}}
[debug] [2021-11-10T07:19:17.050Z] Nov 10, 2021 12:49:17 PM io.gapi.emulators.netty.HttpVersionRoutingHandler channelRead
INFO: Detected non-HTTP/2 connection.
 {"metadata":{"emulator":{"name":"firestore"},"message":"Nov 10, 2021 12:49:17 PM io.gapi.emulators.netty.HttpVersionRoutingHandler channelRead\nINFO: Detected non-HTTP/2 connection.\n"}}
[debug] [2021-11-10T07:19:19.077Z] Nov 10, 2021 12:49:19 PM io.gapi.emulators.netty.HttpVersionRoutingHandler channelRead
INFO: Detected non-HTTP/2 connection.
 {"metadata":{"emulator":{"name":"firestore"},"message":"Nov 10, 2021 12:49:19 PM io.gapi.emulators.netty.HttpVersionRoutingHandler channelRead\nINFO: Detected non-HTTP/2 connection.\n"}}
[debug] [2021-11-10T07:19:21.103Z] Nov 10, 2021 12:49:21 PM io.gapi.emulators.netty.HttpVersionRoutingHandler channelRead
INFO: Detected non-HTTP/2 connection.
 {"metadata":{"emulator":{"name":"firestore"},"message":"Nov 10, 2021 12:49:21 PM io.gapi.emulators.netty.HttpVersionRoutingHandler channelRead\nINFO: Detected non-HTTP/2 connection.\n"}}
[debug] [2021-11-10T07:19:23.124Z] Nov 10, 2021 12:49:23 PM io.gapi.emulators.netty.HttpVersionRoutingHandler channelRead
INFO: Detected non-HTTP/2 connection.
 {"metadata":{"emulator":{"name":"firestore"},"message":"Nov 10, 2021 12:49:23 PM io.gapi.emulators.netty.HttpVersionRoutingHandler channelRead\nINFO: Detected non-HTTP/2 connection.\n"}}
[debug] [2021-11-10T07:19:25.146Z] Nov 10, 2021 12:49:25 PM io.gapi.emulators.netty.HttpVersionRoutingHandler channelRead
INFO: Detected non-HTTP/2 connection.
 {"metadata":{"emulator":{"name":"firestore"},"message":"Nov 10, 2021 12:49:25 PM io.gapi.emulators.netty.HttpVersionRoutingHandler channelRead\nINFO: Detected non-HTTP/2 connection.\n"}}
[debug] [2021-11-10T07:19:27.176Z] Nov 10, 2021 12:49:27 PM io.gapi.emulators.netty.HttpVersionRoutingHandler channelRead
INFO: Detected non-HTTP/2 connection.
 {"metadata":{"emulator":{"name":"firestore"},"message":"Nov 10, 2021 12:49:27 PM io.gapi.emulators.netty.HttpVersionRoutingHandler channelRead\nINFO: Detected non-HTTP/2 connection.\n"}}
[debug] [2021-11-10T07:19:29.197Z] Nov 10, 2021 12:49:29 PM io.gapi.emulators.netty.HttpVersionRoutingHandler channelRead
INFO: Detected non-HTTP/2 connection.
 {"metadata":{"emulator":{"name":"firestore"},"message":"Nov 10, 2021 12:49:29 PM io.gapi.emulators.netty.HttpVersionRoutingHandler channelRead\nINFO: Detected non-HTTP/2 connection.\n"}}
[debug] [2021-11-10T07:19:31.215Z] Nov 10, 2021 12:49:31 PM io.gapi.emulators.netty.HttpVersionRoutingHandler channelRead
INFO: Detected non-HTTP/2 connection.
 {"metadata":{"emulator":{"name":"firestore"},"message":"Nov 10, 2021 12:49:31 PM io.gapi.emulators.netty.HttpVersionRoutingHandler channelRead\nINFO: Detected non-HTTP/2 connection.\n"}}
[debug] [2021-11-10T07:19:33.229Z] Nov 10, 2021 12:49:33 PM io.gapi.emulators.netty.HttpVersionRoutingHandler channelRead
INFO: Detected non-HTTP/2 connection.
 {"metadata":{"emulator":{"name":"firestore"},"message":"Nov 10, 2021 12:49:33 PM io.gapi.emulators.netty.HttpVersionRoutingHandler channelRead\nINFO: Detected non-HTTP/2 connection.\n"}}
[debug] [2021-11-10T07:19:35.248Z] Nov 10, 2021 12:49:35 PM io.gapi.emulators.netty.HttpVersionRoutingHandler channelRead
INFO: Detected non-HTTP/2 connection.
 {"metadata":{"emulator":{"name":"firestore"},"message":"Nov 10, 2021 12:49:35 PM io.gapi.emulators.netty.HttpVersionRoutingHandler channelRead\nINFO: Detected non-HTTP/2 connection.\n"}}
[debug] [2021-11-10T07:19:37.277Z] Nov 10, 2021 12:49:37 PM io.gapi.emulators.netty.HttpVersionRoutingHandler channelRead
INFO: Detected non-HTTP/2 connection.
 {"metadata":{"emulator":{"name":"firestore"},"message":"Nov 10, 2021 12:49:37 PM io.gapi.emulators.netty.HttpVersionRoutingHandler channelRead\nINFO: Detected non-HTTP/2 connection.\n"}}
[debug] [2021-11-10T07:19:39.301Z] Nov 10, 2021 12:49:39 PM io.gapi.emulators.netty.HttpVersionRoutingHandler channelRead
INFO: Detected non-HTTP/2 connection.
 {"metadata":{"emulator":{"name":"firestore"},"message":"Nov 10, 2021 12:49:39 PM io.gapi.emulators.netty.HttpVersionRoutingHandler channelRead\nINFO: Detected non-HTTP/2 connection.\n"}}
[debug] [2021-11-10T07:19:41.327Z] Nov 10, 2021 12:49:41 PM io.gapi.emulators.netty.HttpVersionRoutingHandler channelRead
INFO: Detected non-HTTP/2 connection.
 {"metadata":{"emulator":{"name":"firestore"},"message":"Nov 10, 2021 12:49:41 PM io.gapi.emulators.netty.HttpVersionRoutingHandler channelRead\nINFO: Detected non-HTTP/2 connection.\n"}}
[debug] [2021-11-10T07:19:43.349Z] Nov 10, 2021 12:49:43 PM io.gapi.emulators.netty.HttpVersionRoutingHandler channelRead
INFO: Detected non-HTTP/2 connection.
 {"metadata":{"emulator":{"name":"firestore"},"message":"Nov 10, 2021 12:49:43 PM io.gapi.emulators.netty.HttpVersionRoutingHandler channelRead\nINFO: Detected non-HTTP/2 connection.\n"}}
[debug] [2021-11-10T07:19:44.168Z] Nov 10, 2021 12:49:44 PM com.google.cloud.datastore.emulator.firestore.websocket.WebSocketChannelHandler channelClosed
INFO: Websocket client disconnected
 {"metadata":{"emulator":{"name":"firestore"},"message":"Nov 10, 2021 12:49:44 PM com.google.cloud.datastore.emulator.firestore.websocket.WebSocketChannelHandler channelClosed\nINFO: Websocket client disconnected\n"}}
[debug] [2021-11-10T07:19:44.449Z] Nov 10, 2021 12:49:44 PM io.gapi.emulators.netty.HttpVersionRoutingHandler channelRead
INFO: Detected non-HTTP/2 connection.
 {"metadata":{"emulator":{"name":"firestore"},"message":"Nov 10, 2021 12:49:44 PM io.gapi.emulators.netty.HttpVersionRoutingHandler channelRead\nINFO: Detected non-HTTP/2 connection.\n"}}
[debug] [2021-11-10T07:19:44.706Z] Nov 10, 2021 12:49:44 PM com.google.cloud.datastore.emulator.firestore.websocket.WebSocketChannelHandler initChannel
INFO: Connected to new websocket client
 {"metadata":{"emulator":{"name":"firestore"},"message":"Nov 10, 2021 12:49:44 PM com.google.cloud.datastore.emulator.firestore.websocket.WebSocketChannelHandler initChannel\nINFO: Connected to new websocket client\n"}}
[debug] [2021-11-10T07:19:48.456Z] Nov 10, 2021 12:49:48 PM io.gapi.emulators.netty.HttpVersionRoutingHandler channelRead
INFO: Detected non-HTTP/2 connection.
 {"metadata":{"emulator":{"name":"firestore"},"message":"Nov 10, 2021 12:49:48 PM io.gapi.emulators.netty.HttpVersionRoutingHandler channelRead\nINFO: Detected non-HTTP/2 connection.\n"}}
[debug] [2021-11-10T07:19:50.473Z] Nov 10, 2021 12:49:50 PM io.gapi.emulators.netty.HttpVersionRoutingHandler channelRead
INFO: Detected non-HTTP/2 connection.
 {"metadata":{"emulator":{"name":"firestore"},"message":"Nov 10, 2021 12:49:50 PM io.gapi.emulators.netty.HttpVersionRoutingHandler channelRead\nINFO: Detected non-HTTP/2 connection.\n"}}
[debug] [2021-11-10T07:19:52.493Z] Nov 10, 2021 12:49:52 PM io.gapi.emulators.netty.HttpVersionRoutingHandler channelRead
INFO: Detected non-HTTP/2 connection.
 {"metadata":{"emulator":{"name":"firestore"},"message":"Nov 10, 2021 12:49:52 PM io.gapi.emulators.netty.HttpVersionRoutingHandler channelRead\nINFO: Detected non-HTTP/2 connection.\n"}}
[debug] [2021-11-10T07:19:54.513Z] Nov 10, 2021 12:49:54 PM io.gapi.emulators.netty.HttpVersionRoutingHandler channelRead
INFO: Detected non-HTTP/2 connection.
 {"metadata":{"emulator":{"name":"firestore"},"message":"Nov 10, 2021 12:49:54 PM io.gapi.emulators.netty.HttpVersionRoutingHandler channelRead\nINFO: Detected non-HTTP/2 connection.\n"}}
[debug] [2021-11-10T07:19:56.533Z] Nov 10, 2021 12:49:56 PM io.gapi.emulators.netty.HttpVersionRoutingHandler channelRead
INFO: Detected non-HTTP/2 connection.
 {"metadata":{"emulator":{"name":"firestore"},"message":"Nov 10, 2021 12:49:56 PM io.gapi.emulators.netty.HttpVersionRoutingHandler channelRead\nINFO: Detected non-HTTP/2 connection.\n"}}
[debug] [2021-11-10T07:19:58.552Z] Nov 10, 2021 12:49:58 PM io.gapi.emulators.netty.HttpVersionRoutingHandler channelRead
INFO: Detected non-HTTP/2 connection.
 {"metadata":{"emulator":{"name":"firestore"},"message":"Nov 10, 2021 12:49:58 PM io.gapi.emulators.netty.HttpVersionRoutingHandler channelRead\nINFO: Detected non-HTTP/2 connection.\n"}}
[debug] [2021-11-10T07:20:00.574Z] Nov 10, 2021 12:50:00 PM io.gapi.emulators.netty.HttpVersionRoutingHandler channelRead
INFO: Detected non-HTTP/2 connection.
 {"metadata":{"emulator":{"name":"firestore"},"message":"Nov 10, 2021 12:50:00 PM io.gapi.emulators.netty.HttpVersionRoutingHandler channelRead\nINFO: Detected non-HTTP/2 connection.\n"}}
[debug] [2021-11-10T07:20:02.594Z] Nov 10, 2021 12:50:02 PM io.gapi.emulators.netty.HttpVersionRoutingHandler channelRead
INFO: Detected non-HTTP/2 connection.
 {"metadata":{"emulator":{"name":"firestore"},"message":"Nov 10, 2021 12:50:02 PM io.gapi.emulators.netty.HttpVersionRoutingHandler channelRead\nINFO: Detected non-HTTP/2 connection.\n"}}
[debug] [2021-11-10T07:20:04.614Z] Nov 10, 2021 12:50:04 PM io.gapi.emulators.netty.HttpVersionRoutingHandler channelRead
INFO: Detected non-HTTP/2 connection.
 {"metadata":{"emulator":{"name":"firestore"},"message":"Nov 10, 2021 12:50:04 PM io.gapi.emulators.netty.HttpVersionRoutingHandler channelRead\nINFO: Detected non-HTTP/2 connection.\n"}}
[debug] [2021-11-10T07:20:06.635Z] Nov 10, 2021 12:50:06 PM io.gapi.emulators.netty.HttpVersionRoutingHandler channelRead
INFO: Detected non-HTTP/2 connection.
 {"metadata":{"emulator":{"name":"firestore"},"message":"Nov 10, 2021 12:50:06 PM io.gapi.emulators.netty.HttpVersionRoutingHandler channelRead\nINFO: Detected non-HTTP/2 connection.\n"}}
[debug] [2021-11-10T07:20:08.652Z] Nov 10, 2021 12:50:08 PM io.gapi.emulators.netty.HttpVersionRoutingHandler channelRead
INFO: Detected non-HTTP/2 connection.
 {"metadata":{"emulator":{"name":"firestore"},"message":"Nov 10, 2021 12:50:08 PM io.gapi.emulators.netty.HttpVersionRoutingHandler channelRead\nINFO: Detected non-HTTP/2 connection.\n"}}
[debug] [2021-11-10T07:20:29.583Z] Nov 10, 2021 12:50:29 PM io.gapi.emulators.netty.HttpVersionRoutingHandler channelRead
INFO: Detected non-HTTP/2 connection.
 {"metadata":{"emulator":{"name":"firestore"},"message":"Nov 10, 2021 12:50:29 PM io.gapi.emulators.netty.HttpVersionRoutingHandler channelRead\nINFO: Detected non-HTTP/2 connection.\n"}}
[debug] [2021-11-10T07:20:31.601Z] Nov 10, 2021 12:50:31 PM io.gapi.emulators.netty.HttpVersionRoutingHandler channelRead
INFO: Detected non-HTTP/2 connection.
 {"metadata":{"emulator":{"name":"firestore"},"message":"Nov 10, 2021 12:50:31 PM io.gapi.emulators.netty.HttpVersionRoutingHandler channelRead\nINFO: Detected non-HTTP/2 connection.\n"}}
[debug] [2021-11-10T07:20:33.620Z] Nov 10, 2021 12:50:33 PM io.gapi.emulators.netty.HttpVersionRoutingHandler channelRead
INFO: Detected non-HTTP/2 connection.
 {"metadata":{"emulator":{"name":"firestore"},"message":"Nov 10, 2021 12:50:33 PM io.gapi.emulators.netty.HttpVersionRoutingHandler channelRead\nINFO: Detected non-HTTP/2 connection.\n"}}
[debug] [2021-11-10T07:20:35.638Z] Nov 10, 2021 12:50:35 PM io.gapi.emulators.netty.HttpVersionRoutingHandler channelRead
INFO: Detected non-HTTP/2 connection.
 {"metadata":{"emulator":{"name":"firestore"},"message":"Nov 10, 2021 12:50:35 PM io.gapi.emulators.netty.HttpVersionRoutingHandler channelRead\nINFO: Detected non-HTTP/2 connection.\n"}}
[debug] [2021-11-10T07:20:37.655Z] Nov 10, 2021 12:50:37 PM io.gapi.emulators.netty.HttpVersionRoutingHandler channelRead
INFO: Detected non-HTTP/2 connection.
 {"metadata":{"emulator":{"name":"firestore"},"message":"Nov 10, 2021 12:50:37 PM io.gapi.emulators.netty.HttpVersionRoutingHandler channelRead\nINFO: Detected non-HTTP/2 connection.\n"}}
[debug] [2021-11-10T07:20:39.670Z] Nov 10, 2021 12:50:39 PM io.gapi.emulators.netty.HttpVersionRoutingHandler channelRead
INFO: Detected non-HTTP/2 connection.
 {"metadata":{"emulator":{"name":"firestore"},"message":"Nov 10, 2021 12:50:39 PM io.gapi.emulators.netty.HttpVersionRoutingHandler channelRead\nINFO: Detected non-HTTP/2 connection.\n"}}
[debug] [2021-11-10T07:20:41.688Z] Nov 10, 2021 12:50:41 PM io.gapi.emulators.netty.HttpVersionRoutingHandler channelRead
INFO: Detected non-HTTP/2 connection.
 {"metadata":{"emulator":{"name":"firestore"},"message":"Nov 10, 2021 12:50:41 PM io.gapi.emulators.netty.HttpVersionRoutingHandler channelRead\nINFO: Detected non-HTTP/2 connection.\n"}}
[debug] [2021-11-10T07:20:43.703Z] Nov 10, 2021 12:50:43 PM io.gapi.emulators.netty.HttpVersionRoutingHandler channelRead
INFO: Detected non-HTTP/2 connection.
 {"metadata":{"emulator":{"name":"firestore"},"message":"Nov 10, 2021 12:50:43 PM io.gapi.emulators.netty.HttpVersionRoutingHandler channelRead\nINFO: Detected non-HTTP/2 connection.\n"}}
[debug] [2021-11-10T07:21:01.187Z] Nov 10, 2021 12:51:01 PM io.gapi.emulators.netty.HttpVersionRoutingHandler channelRead
INFO: Detected non-HTTP/2 connection.
 {"metadata":{"emulator":{"name":"firestore"},"message":"Nov 10, 2021 12:51:01 PM io.gapi.emulators.netty.HttpVersionRoutingHandler channelRead\nINFO: Detected non-HTTP/2 connection.\n"}}
[debug] [2021-11-10T07:21:03.500Z] Nov 10, 2021 12:51:03 PM io.gapi.emulators.netty.HttpVersionRoutingHandler channelRead
INFO: Detected non-HTTP/2 connection.
 {"metadata":{"emulator":{"name":"firestore"},"message":"Nov 10, 2021 12:51:03 PM io.gapi.emulators.netty.HttpVersionRoutingHandler channelRead\nINFO: Detected non-HTTP/2 connection.\n"}}
[debug] [2021-11-10T07:21:05.516Z] Nov 10, 2021 12:51:05 PM io.gapi.emulators.netty.HttpVersionRoutingHandler channelRead
INFO: Detected non-HTTP/2 connection.
 {"metadata":{"emulator":{"name":"firestore"},"message":"Nov 10, 2021 12:51:05 PM io.gapi.emulators.netty.HttpVersionRoutingHandler channelRead\nINFO: Detected non-HTTP/2 connection.\n"}}
[debug] [2021-11-10T07:47:48.091Z] Nov 10, 2021 1:17:48 PM com.google.cloud.datastore.emulator.firestore.websocket.WebSocketChannelHandler channelClosed
INFO: Websocket client disconnected
 {"metadata":{"emulator":{"name":"firestore"},"message":"Nov 10, 2021 1:17:48 PM com.google.cloud.datastore.emulator.firestore.websocket.WebSocketChannelHandler channelClosed\nINFO: Websocket client disconnected\n"}}
[debug] [2021-11-10T07:47:49.651Z] Nov 10, 2021 1:17:49 PM com.google.cloud.datastore.emulator.firestore.websocket.WebSocketChannelHandler initChannel
INFO: Connected to new websocket client
 {"metadata":{"emulator":{"name":"firestore"},"message":"Nov 10, 2021 1:17:49 PM com.google.cloud.datastore.emulator.firestore.websocket.WebSocketChannelHandler initChannel\nINFO: Connected to new websocket client\n"}}
[debug] [2021-11-10T08:43:40.803Z] Nov 10, 2021 2:13:40 PM io.gapi.emulators.netty.HttpVersionRoutingHandler channelRead
INFO: Detected non-HTTP/2 connection.
 {"metadata":{"emulator":{"name":"firestore"},"message":"Nov 10, 2021 2:13:40 PM io.gapi.emulators.netty.HttpVersionRoutingHandler channelRead\nINFO: Detected non-HTTP/2 connection.\n"}}
[debug] [2021-11-10T08:43:45.666Z] Nov 10, 2021 2:13:45 PM io.gapi.emulators.netty.HttpVersionRoutingHandler channelRead
INFO: Detected non-HTTP/2 connection.
 {"metadata":{"emulator":{"name":"firestore"},"message":"Nov 10, 2021 2:13:45 PM io.gapi.emulators.netty.HttpVersionRoutingHandler channelRead\nINFO: Detected non-HTTP/2 connection.\n"}}
[debug] [2021-11-10T08:43:47.682Z] Nov 10, 2021 2:13:47 PM io.gapi.emulators.netty.HttpVersionRoutingHandler channelRead
INFO: Detected non-HTTP/2 connection.
 {"metadata":{"emulator":{"name":"firestore"},"message":"Nov 10, 2021 2:13:47 PM io.gapi.emulators.netty.HttpVersionRoutingHandler channelRead\nINFO: Detected non-HTTP/2 connection.\n"}}
[debug] [2021-11-10T08:45:08.137Z] Nov 10, 2021 2:15:08 PM io.gapi.emulators.netty.HttpVersionRoutingHandler channelRead
INFO: Detected non-HTTP/2 connection.
 {"metadata":{"emulator":{"name":"firestore"},"message":"Nov 10, 2021 2:15:08 PM io.gapi.emulators.netty.HttpVersionRoutingHandler channelRead\nINFO: Detected non-HTTP/2 connection.\n"}}
[debug] [2021-11-10T08:52:34.516Z] Nov 10, 2021 2:22:34 PM io.gapi.emulators.netty.HttpVersionRoutingHandler channelRead
INFO: Detected non-HTTP/2 connection.
 {"metadata":{"emulator":{"name":"firestore"},"message":"Nov 10, 2021 2:22:34 PM io.gapi.emulators.netty.HttpVersionRoutingHandler channelRead\nINFO: Detected non-HTTP/2 connection.\n"}}
[debug] [2021-11-10T08:52:36.536Z] Nov 10, 2021 2:22:36 PM io.gapi.emulators.netty.HttpVersionRoutingHandler channelRead
INFO: Detected non-HTTP/2 connection.
 {"metadata":{"emulator":{"name":"firestore"},"message":"Nov 10, 2021 2:22:36 PM io.gapi.emulators.netty.HttpVersionRoutingHandler channelRead\nINFO: Detected non-HTTP/2 connection.\n"}}
[debug] [2021-11-10T08:52:38.563Z] Nov 10, 2021 2:22:38 PM io.gapi.emulators.netty.HttpVersionRoutingHandler channelRead
INFO: Detected non-HTTP/2 connection.
 {"metadata":{"emulator":{"name":"firestore"},"message":"Nov 10, 2021 2:22:38 PM io.gapi.emulators.netty.HttpVersionRoutingHandler channelRead\nINFO: Detected non-HTTP/2 connection.\n"}}
[debug] [2021-11-10T09:44:57.524Z] Nov 10, 2021 3:14:57 PM com.google.cloud.datastore.emulator.firestore.websocket.WebSocketChannelHandler channelClosed
INFO: Websocket client disconnected
 {"metadata":{"emulator":{"name":"firestore"},"message":"Nov 10, 2021 3:14:57 PM com.google.cloud.datastore.emulator.firestore.websocket.WebSocketChannelHandler channelClosed\nINFO: Websocket client disconnected\n"}}
[debug] [2021-11-10T09:45:01.856Z] Nov 10, 2021 3:15:01 PM com.google.cloud.datastore.emulator.firestore.websocket.WebSocketChannelHandler initChannel
INFO: Connected to new websocket client
 {"metadata":{"emulator":{"name":"firestore"},"message":"Nov 10, 2021 3:15:01 PM com.google.cloud.datastore.emulator.firestore.websocket.WebSocketChannelHandler initChannel\nINFO: Connected to new websocket client\n"}}
[debug] [2021-11-10T09:50:31.567Z] Nov 10, 2021 3:20:31 PM io.gapi.emulators.netty.HttpVersionRoutingHandler channelRead
INFO: Detected non-HTTP/2 connection.
 {"metadata":{"emulator":{"name":"firestore"},"message":"Nov 10, 2021 3:20:31 PM io.gapi.emulators.netty.HttpVersionRoutingHandler channelRead\nINFO: Detected non-HTTP/2 connection.\n"}}
[debug] [2021-11-10T09:50:36.182Z] Nov 10, 2021 3:20:36 PM io.gapi.emulators.netty.HttpVersionRoutingHandler channelRead
INFO: Detected non-HTTP/2 connection.
 {"metadata":{"emulator":{"name":"firestore"},"message":"Nov 10, 2021 3:20:36 PM io.gapi.emulators.netty.HttpVersionRoutingHandler channelRead\nINFO: Detected non-HTTP/2 connection.\n"}}
[debug] [2021-11-10T10:03:29.973Z] Nov 10, 2021 3:33:29 PM com.google.cloud.datastore.emulator.firestore.websocket.WebSocketChannelHandler channelClosed
INFO: Websocket client disconnected
 {"metadata":{"emulator":{"name":"firestore"},"message":"Nov 10, 2021 3:33:29 PM com.google.cloud.datastore.emulator.firestore.websocket.WebSocketChannelHandler channelClosed\nINFO: Websocket client disconnected\n"}}
[debug] [2021-11-10T10:22:26.796Z] Nov 10, 2021 3:52:26 PM com.google.cloud.datastore.emulator.firestore.websocket.WebSocketChannelHandler initChannel
INFO: Connected to new websocket client
 {"metadata":{"emulator":{"name":"firestore"},"message":"Nov 10, 2021 3:52:26 PM com.google.cloud.datastore.emulator.firestore.websocket.WebSocketChannelHandler initChannel\nINFO: Connected to new websocket client\n"}}
[debug] [2021-11-10T10:22:31.320Z] Nov 10, 2021 3:52:31 PM com.google.cloud.datastore.emulator.firestore.websocket.WebSocketChannelHandler channelClosed
INFO: Websocket client disconnected
 {"metadata":{"emulator":{"name":"firestore"},"message":"Nov 10, 2021 3:52:31 PM com.google.cloud.datastore.emulator.firestore.websocket.WebSocketChannelHandler channelClosed\nINFO: Websocket client disconnected\n"}}
[debug] [2021-11-10T10:23:33.200Z] Nov 10, 2021 3:53:33 PM com.google.cloud.datastore.emulator.firestore.websocket.WebSocketChannelHandler initChannel
INFO: Connected to new websocket client
 {"metadata":{"emulator":{"name":"firestore"},"message":"Nov 10, 2021 3:53:33 PM com.google.cloud.datastore.emulator.firestore.websocket.WebSocketChannelHandler initChannel\nINFO: Connected to new websocket client\n"}}
[debug] [2021-11-10T10:35:44.921Z] Nov 10, 2021 4:05:44 PM io.gapi.emulators.netty.HttpVersionRoutingHandler channelRead
INFO: Detected non-HTTP/2 connection.
 {"metadata":{"emulator":{"name":"firestore"},"message":"Nov 10, 2021 4:05:44 PM io.gapi.emulators.netty.HttpVersionRoutingHandler channelRead\nINFO: Detected non-HTTP/2 connection.\n"}}
[debug] [2021-11-10T10:51:52.828Z] Nov 10, 2021 4:21:52 PM io.gapi.emulators.netty.HttpVersionRoutingHandler channelRead
INFO: Detected non-HTTP/2 connection.
 {"metadata":{"emulator":{"name":"firestore"},"message":"Nov 10, 2021 4:21:52 PM io.gapi.emulators.netty.HttpVersionRoutingHandler channelRead\nINFO: Detected non-HTTP/2 connection.\n"}}
[debug] [2021-11-10T10:51:54.849Z] Nov 10, 2021 4:21:54 PM io.gapi.emulators.netty.HttpVersionRoutingHandler channelRead
INFO: Detected non-HTTP/2 connection.
 {"metadata":{"emulator":{"name":"firestore"},"message":"Nov 10, 2021 4:21:54 PM io.gapi.emulators.netty.HttpVersionRoutingHandler channelRead\nINFO: Detected non-HTTP/2 connection.\n"}}
[debug] [2021-11-10T12:45:54.629Z] Received signal SIGHUP 1
[info]  
[info] i  emulators: Received SIGHUP for the first time. Starting a clean shutdown. 
[info] i  emulators: Please wait for a clean shutdown or send the SIGHUP signal again to stop right now. 
[info] i  emulators: Shutting down emulators. {"metadata":{"emulator":{"name":"hub"},"message":"Shutting down emulators."}}
[info] i  ui: Stopping Emulator UI {"metadata":{"emulator":{"name":"ui"},"message":"Stopping Emulator UI"}}
[warn] ⚠  Emulator UI has exited upon receiving signal: SIGINT 
[debug] [2021-11-10T12:45:54.662Z] Error: write EIO
    at afterWriteDispatched (internal/stream_base_commons.js:156:25)
    at writeGeneric (internal/stream_base_commons.js:147:3)
    at WriteStream.Socket._writeGeneric (net.js:785:11)
    at WriteStream.Socket._write (net.js:797:8)
    at writeOrBuffer (internal/streams/writable.js:358:12)
    at WriteStream.Writable.write (internal/streams/writable.js:303:10)
    at Console.log (/Users/musekar/Documents/JS/tndfctrust-api/node_modules/winston/lib/winston/transports/console.js:79:23)
    at Console._write (/Users/musekar/Documents/JS/tndfctrust-api/node_modules/winston-transport/index.js:103:17)
    at doWrite (/Users/musekar/Documents/JS/tndfctrust-api/node_modules/winston-transport/node_modules/readable-stream/lib/_stream_writable.js:428:64)
    at writeOrBuffer (/Users/musekar/Documents/JS/tndfctrust-api/node_modules/winston-transport/node_modules/readable-stream/lib/_stream_writable.js:417:5)
    at Console.Writable.write (/Users/musekar/Documents/JS/tndfctrust-api/node_modules/winston-transport/node_modules/readable-stream/lib/_stream_writable.js:334:11)
    at DerivedLogger.ondata (/Users/musekar/Documents/JS/tndfctrust-api/node_modules/readable-stream/lib/_stream_readable.js:681:20)
    at DerivedLogger.emit (events.js:388:22)
    at DerivedLogger.emit (domain.js:470:12)
    at addChunk (/Users/musekar/Documents/JS/tndfctrust-api/node_modules/readable-stream/lib/_stream_readable.js:298:12)
    at readableAddChunk (/Users/musekar/Documents/JS/tndfctrust-api/node_modules/readable-stream/lib/_stream_readable.js:280:11)
[error] 
[error] Error: An unexpected error has occurred.
[info] i  database: Stopping Database Emulator {"metadata":{"emulator":{"name":"database"},"message":"Stopping Database Emulator"}}
[debug] [2021-11-10T12:45:54.701Z] 18:15:54.698 [Thread-0] INFO com.firebase.server.forge.App$ - Attempting graceful shutdown.
 {"metadata":{"emulator":{"name":"database"},"message":"18:15:54.698 [Thread-0] INFO com.firebase.server.forge.App$ - Attempting graceful shutdown.\n"}}
[debug] [2021-11-10T12:45:54.782Z] 18:15:54.782 [NamespaceSystem-akka.actor.default-dispatcher-6] INFO com.firebase.core.namespace.Terminator$Terminator - 1 actors left to terminate: tndfc-app-default-rtdb
 {"metadata":{"emulator":{"name":"database"},"message":"18:15:54.782 [NamespaceSystem-akka.actor.default-dispatcher-6] INFO com.firebase.core.namespace.Terminator$Terminator - 1 actors left to terminate: tndfc-app-default-rtdb\n"}}
[debug] [2021-11-10T12:45:54.798Z] 18:15:54.798 [NamespaceSystem-akka.actor.default-dispatcher-6] INFO com.firebase.core.namespace.NamespaceActor - Stopping namespace actor for tndfc-app-default-rtdb
 {"metadata":{"emulator":{"name":"database"},"message":"18:15:54.798 [NamespaceSystem-akka.actor.default-dispatcher-6] INFO com.firebase.core.namespace.NamespaceActor - Stopping namespace actor for tndfc-app-default-rtdb\n"}}
[debug] [2021-11-10T12:45:54.800Z] 18:15:54.800 [NamespaceSystem-akka.actor.default-dispatcher-6] INFO com.firebase.core.namespace.NamespaceActor - Gauges removed for tndfc-app-default-rtdb
 {"metadata":{"emulator":{"name":"database"},"message":"18:15:54.800 [NamespaceSystem-akka.actor.default-dispatcher-6] INFO com.firebase.core.namespace.NamespaceActor - Gauges removed for tndfc-app-default-rtdb\n"}}
[debug] [2021-11-10T12:45:54.808Z] 18:15:54.807 [Thread-0] INFO com.firebase.server.forge.App$ - Graceful shutdown complete.
 {"metadata":{"emulator":{"name":"database"},"message":"18:15:54.807 [Thread-0] INFO com.firebase.server.forge.App$ - Graceful shutdown complete.\n"}}
